mode: set
github.com/EstebanFallaGlobant/globant-golang-bootcamp/api/pocgrpc/user_service/entities/user.go:18.106,26.33 2 0
github.com/EstebanFallaGlobant/globant-golang-bootcamp/api/pocgrpc/user_service/entities/user.go:33.2,33.24 1 0
github.com/EstebanFallaGlobant/globant-golang-bootcamp/api/pocgrpc/user_service/entities/user.go:26.33,27.45 1 0
github.com/EstebanFallaGlobant/globant-golang-bootcamp/api/pocgrpc/user_service/entities/user.go:27.45,29.4 1 0
github.com/EstebanFallaGlobant/globant-golang-bootcamp/api/pocgrpc/user_service/entities/user.go:36.32,38.32 2 1
github.com/EstebanFallaGlobant/globant-golang-bootcamp/api/pocgrpc/user_service/entities/user.go:42.2,42.35 1 1
github.com/EstebanFallaGlobant/globant-golang-bootcamp/api/pocgrpc/user_service/entities/user.go:46.2,46.29 1 1
github.com/EstebanFallaGlobant/globant-golang-bootcamp/api/pocgrpc/user_service/entities/user.go:50.2,50.40 1 1
github.com/EstebanFallaGlobant/globant-golang-bootcamp/api/pocgrpc/user_service/entities/user.go:54.2,54.14 1 1
github.com/EstebanFallaGlobant/globant-golang-bootcamp/api/pocgrpc/user_service/entities/user.go:58.2,58.12 1 1
github.com/EstebanFallaGlobant/globant-golang-bootcamp/api/pocgrpc/user_service/entities/user.go:38.32,40.3 1 1
github.com/EstebanFallaGlobant/globant-golang-bootcamp/api/pocgrpc/user_service/entities/user.go:42.35,44.3 1 1
github.com/EstebanFallaGlobant/globant-golang-bootcamp/api/pocgrpc/user_service/entities/user.go:46.29,48.3 1 1
github.com/EstebanFallaGlobant/globant-golang-bootcamp/api/pocgrpc/user_service/entities/user.go:50.40,52.3 1 1
github.com/EstebanFallaGlobant/globant-golang-bootcamp/api/pocgrpc/user_service/entities/user.go:54.14,56.3 1 1
github.com/EstebanFallaGlobant/globant-golang-bootcamp/api/pocgrpc/user_service/repository/mysqlErrorHandler.go:24.94,27.26 2 0
github.com/EstebanFallaGlobant/globant-golang-bootcamp/api/pocgrpc/user_service/repository/mysqlErrorHandler.go:31.2,31.50 1 0
github.com/EstebanFallaGlobant/globant-golang-bootcamp/api/pocgrpc/user_service/repository/mysqlErrorHandler.go:47.2,48.12 2 0
github.com/EstebanFallaGlobant/globant-golang-bootcamp/api/pocgrpc/user_service/repository/mysqlErrorHandler.go:27.26,29.3 1 0
github.com/EstebanFallaGlobant/globant-golang-bootcamp/api/pocgrpc/user_service/repository/mysqlErrorHandler.go:31.50,32.27 1 0
github.com/EstebanFallaGlobant/globant-golang-bootcamp/api/pocgrpc/user_service/repository/mysqlErrorHandler.go:33.50,34.62 1 0
github.com/EstebanFallaGlobant/globant-golang-bootcamp/api/pocgrpc/user_service/repository/mysqlErrorHandler.go:35.43,36.67 1 0
github.com/EstebanFallaGlobant/globant-golang-bootcamp/api/pocgrpc/user_service/repository/mysqlErrorHandler.go:37.38,38.68 1 0
github.com/EstebanFallaGlobant/globant-golang-bootcamp/api/pocgrpc/user_service/repository/mysqlErrorHandler.go:39.38,40.68 1 0
github.com/EstebanFallaGlobant/globant-golang-bootcamp/api/pocgrpc/user_service/repository/mysqlErrorHandler.go:41.44,42.68 1 0
github.com/EstebanFallaGlobant/globant-golang-bootcamp/api/pocgrpc/user_service/repository/mysqlErrorHandler.go:43.11,44.41 1 0
github.com/EstebanFallaGlobant/globant-golang-bootcamp/api/pocgrpc/user_service/repository/sqlRepository.go:28.99,38.2 4 1
github.com/EstebanFallaGlobant/globant-golang-bootcamp/api/pocgrpc/user_service/repository/sqlRepository.go:40.74,44.16 3 1
github.com/EstebanFallaGlobant/globant-golang-bootcamp/api/pocgrpc/user_service/repository/sqlRepository.go:50.2,51.16 2 1
github.com/EstebanFallaGlobant/globant-golang-bootcamp/api/pocgrpc/user_service/repository/sqlRepository.go:44.16,47.3 2 0
github.com/EstebanFallaGlobant/globant-golang-bootcamp/api/pocgrpc/user_service/repository/sqlRepository.go:51.16,54.3 2 1
github.com/EstebanFallaGlobant/globant-golang-bootcamp/api/pocgrpc/user_service/repository/sqlRepository.go:54.8,57.17 2 1
github.com/EstebanFallaGlobant/globant-golang-bootcamp/api/pocgrpc/user_service/repository/sqlRepository.go:57.17,60.4 2 0
github.com/EstebanFallaGlobant/globant-golang-bootcamp/api/pocgrpc/user_service/repository/sqlRepository.go:60.9,63.4 2 1
github.com/EstebanFallaGlobant/globant-golang-bootcamp/api/pocgrpc/user_service/repository/sqlRepository.go:67.69,71.2 3 1
github.com/EstebanFallaGlobant/globant-golang-bootcamp/api/pocgrpc/user_service/repository/sqlRepository.go:74.2,77.16 3 1
github.com/EstebanFallaGlobant/globant-golang-bootcamp/api/pocgrpc/user_service/repository/sqlRepository.go:82.2,82.111 1 1
github.com/EstebanFallaGlobant/globant-golang-bootcamp/api/pocgrpc/user_service/repository/sqlRepository.go:87.2,89.18 3 1
github.com/EstebanFallaGlobant/globant-golang-bootcamp/api/pocgrpc/user_service/repository/sqlRepository.go:71.2,73.3 1 1
github.com/EstebanFallaGlobant/globant-golang-bootcamp/api/pocgrpc/user_service/repository/sqlRepository.go:77.16,80.3 2 0
github.com/EstebanFallaGlobant/globant-golang-bootcamp/api/pocgrpc/user_service/repository/sqlRepository.go:82.111,85.3 2 1
github.com/EstebanFallaGlobant/globant-golang-bootcamp/api/pocgrpc/user_service/repository/sqlRepository.go:92.78,95.30 2 1
github.com/EstebanFallaGlobant/globant-golang-bootcamp/api/pocgrpc/user_service/repository/sqlRepository.go:100.2,105.16 4 1
github.com/EstebanFallaGlobant/globant-golang-bootcamp/api/pocgrpc/user_service/repository/sqlRepository.go:110.2,110.130 1 1
github.com/EstebanFallaGlobant/globant-golang-bootcamp/api/pocgrpc/user_service/repository/sqlRepository.go:114.2,116.18 2 1
github.com/EstebanFallaGlobant/globant-golang-bootcamp/api/pocgrpc/user_service/repository/sqlRepository.go:95.30,98.3 2 1
github.com/EstebanFallaGlobant/globant-golang-bootcamp/api/pocgrpc/user_service/repository/sqlRepository.go:105.16,108.3 2 0
github.com/EstebanFallaGlobant/globant-golang-bootcamp/api/pocgrpc/user_service/repository/sqlRepository.go:110.130,112.3 1 0
github.com/EstebanFallaGlobant/globant-golang-bootcamp/api/pocgrpc/user_service/repository/sqlRepository.go:119.36,121.2 1 0
github.com/EstebanFallaGlobant/globant-golang-bootcamp/api/pocgrpc/user_service/repository/sqlRepository.go:123.48,124.16 1 1
github.com/EstebanFallaGlobant/globant-golang-bootcamp/api/pocgrpc/user_service/repository/sqlRepository.go:128.2,131.3 1 1
github.com/EstebanFallaGlobant/globant-golang-bootcamp/api/pocgrpc/user_service/repository/sqlRepository.go:124.16,126.3 1 1
github.com/EstebanFallaGlobant/globant-golang-bootcamp/api/wordcounterapi/api/App.go:27.73,31.35 3 1
github.com/EstebanFallaGlobant/globant-golang-bootcamp/api/wordcounterapi/api/App.go:31.35,34.3 2 1
github.com/EstebanFallaGlobant/globant-golang-bootcamp/api/wordcounterapi/api/App.go:37.47,45.2 1 0
github.com/EstebanFallaGlobant/globant-golang-bootcamp/api/wordcounterapi/api/App.go:47.74,48.54 1 1
github.com/EstebanFallaGlobant/globant-golang-bootcamp/api/wordcounterapi/api/App.go:48.54,53.16 3 1
github.com/EstebanFallaGlobant/globant-golang-bootcamp/api/wordcounterapi/api/App.go:65.3,65.16 1 1
github.com/EstebanFallaGlobant/globant-golang-bootcamp/api/wordcounterapi/api/App.go:53.16,54.24 1 1
github.com/EstebanFallaGlobant/globant-golang-bootcamp/api/wordcounterapi/api/App.go:61.4,62.35 2 1
github.com/EstebanFallaGlobant/globant-golang-bootcamp/api/wordcounterapi/api/App.go:54.24,60.5 2 1
github.com/EstebanFallaGlobant/globant-golang-bootcamp/api/wordcounterapi/api/App.go:65.16,66.61 1 1
github.com/EstebanFallaGlobant/globant-golang-bootcamp/api/wordcounterapi/api/App.go:66.61,71.5 1 1
github.com/EstebanFallaGlobant/globant-golang-bootcamp/api/wordcounterapi/api/App.go:71.10,76.5 1 1
github.com/EstebanFallaGlobant/globant-golang-bootcamp/api/pocgrpc/user_service/user/testUtil.go:16.93,20.2 2 1
github.com/EstebanFallaGlobant/globant-golang-bootcamp/api/pocgrpc/user_service/user/testUtil.go:22.88,26.2 2 1
github.com/EstebanFallaGlobant/globant-golang-bootcamp/api/pocgrpc/user_service/user/testUtil.go:32.81,35.2 2 1
github.com/EstebanFallaGlobant/globant-golang-bootcamp/api/pocgrpc/user_service/user/testUtil.go:37.76,41.2 2 1
github.com/EstebanFallaGlobant/globant-golang-bootcamp/api/pocgrpc/user_service/user/testUtil.go:43.75,46.2 2 1
github.com/EstebanFallaGlobant/globant-golang-bootcamp/api/pocgrpc/user_service/user/testUtil.go:52.61,56.2 2 1
github.com/EstebanFallaGlobant/globant-golang-bootcamp/api/pocgrpc/user_service/user/testUtil.go:58.40,60.2 1 1
github.com/EstebanFallaGlobant/globant-golang-bootcamp/api/pocgrpc/user_service/user/testUtil.go:62.73,66.2 2 1
github.com/EstebanFallaGlobant/globant-golang-bootcamp/api/pocgrpc/user_service/user/testUtil.go:68.32,77.2 2 1
github.com/EstebanFallaGlobant/globant-golang-bootcamp/api/pocgrpc/user_service/user/transport.go:28.117,43.2 1 1
github.com/EstebanFallaGlobant/globant-golang-bootcamp/api/pocgrpc/user_service/user/transport.go:45.122,47.16 2 1
github.com/EstebanFallaGlobant/globant-golang-bootcamp/api/pocgrpc/user_service/user/transport.go:51.2,51.43 1 1
github.com/EstebanFallaGlobant/globant-golang-bootcamp/api/pocgrpc/user_service/user/transport.go:47.16,50.3 2 1
github.com/EstebanFallaGlobant/globant-golang-bootcamp/api/pocgrpc/user_service/user/transport.go:54.113,56.16 2 1
github.com/EstebanFallaGlobant/globant-golang-bootcamp/api/pocgrpc/user_service/user/transport.go:60.2,60.40 1 1
github.com/EstebanFallaGlobant/globant-golang-bootcamp/api/pocgrpc/user_service/user/transport.go:56.16,59.3 2 1
github.com/EstebanFallaGlobant/globant-golang-bootcamp/api/pocgrpc/user_service/user/transport.go:63.106,64.75 1 1
github.com/EstebanFallaGlobant/globant-golang-bootcamp/api/pocgrpc/user_service/user/transport.go:64.75,67.10 3 1
github.com/EstebanFallaGlobant/globant-golang-bootcamp/api/pocgrpc/user_service/user/transport.go:71.3,74.17 3 1
github.com/EstebanFallaGlobant/globant-golang-bootcamp/api/pocgrpc/user_service/user/transport.go:79.3,79.70 1 1
github.com/EstebanFallaGlobant/globant-golang-bootcamp/api/pocgrpc/user_service/user/transport.go:67.10,70.4 2 0
github.com/EstebanFallaGlobant/globant-golang-bootcamp/api/pocgrpc/user_service/user/transport.go:74.17,77.4 2 0
github.com/EstebanFallaGlobant/globant-golang-bootcamp/api/pocgrpc/user_service/user/transport.go:84.108,85.76 1 1
github.com/EstebanFallaGlobant/globant-golang-bootcamp/api/pocgrpc/user_service/user/transport.go:85.76,88.10 2 1
github.com/EstebanFallaGlobant/globant-golang-bootcamp/api/pocgrpc/user_service/user/transport.go:93.3,93.24 1 1
github.com/EstebanFallaGlobant/globant-golang-bootcamp/api/pocgrpc/user_service/user/transport.go:98.3,102.9 2 1
github.com/EstebanFallaGlobant/globant-golang-bootcamp/api/pocgrpc/user_service/user/transport.go:88.10,91.4 2 0
github.com/EstebanFallaGlobant/globant-golang-bootcamp/api/pocgrpc/user_service/user/transport.go:93.24,96.4 2 0
github.com/EstebanFallaGlobant/globant-golang-bootcamp/api/pocgrpc/user_service/user/transport.go:107.103,108.75 1 1
github.com/EstebanFallaGlobant/globant-golang-bootcamp/api/pocgrpc/user_service/user/transport.go:108.75,112.10 3 1
github.com/EstebanFallaGlobant/globant-golang-bootcamp/api/pocgrpc/user_service/user/transport.go:117.3,122.9 2 1
github.com/EstebanFallaGlobant/globant-golang-bootcamp/api/pocgrpc/user_service/user/transport.go:112.10,115.4 2 0
github.com/EstebanFallaGlobant/globant-golang-bootcamp/api/pocgrpc/user_service/user/transport.go:126.105,127.76 1 1
github.com/EstebanFallaGlobant/globant-golang-bootcamp/api/pocgrpc/user_service/user/transport.go:127.76,129.10 2 1
github.com/EstebanFallaGlobant/globant-golang-bootcamp/api/pocgrpc/user_service/user/transport.go:133.3,133.24 1 1
github.com/EstebanFallaGlobant/globant-golang-bootcamp/api/pocgrpc/user_service/user/transport.go:138.3,146.9 1 1
github.com/EstebanFallaGlobant/globant-golang-bootcamp/api/pocgrpc/user_service/user/transport.go:129.10,132.4 2 0
github.com/EstebanFallaGlobant/globant-golang-bootcamp/api/pocgrpc/user_service/user/transport.go:133.24,136.4 2 0
github.com/EstebanFallaGlobant/globant-golang-bootcamp/api/pocgrpc/user_service/user/userServiceErrorHandler.go:15.73,18.20 3 1
github.com/EstebanFallaGlobant/globant-golang-bootcamp/api/pocgrpc/user_service/user/userServiceErrorHandler.go:35.2,35.15 1 1
github.com/EstebanFallaGlobant/globant-golang-bootcamp/api/pocgrpc/user_service/user/userServiceErrorHandler.go:19.34,20.60 1 1
github.com/EstebanFallaGlobant/globant-golang-bootcamp/api/pocgrpc/user_service/user/userServiceErrorHandler.go:21.37,22.60 1 1
github.com/EstebanFallaGlobant/globant-golang-bootcamp/api/pocgrpc/user_service/user/userServiceErrorHandler.go:23.36,24.60 1 1
github.com/EstebanFallaGlobant/globant-golang-bootcamp/api/pocgrpc/user_service/user/userServiceErrorHandler.go:25.32,26.53 1 1
github.com/EstebanFallaGlobant/globant-golang-bootcamp/api/pocgrpc/user_service/user/userServiceErrorHandler.go:27.37,28.68 1 1
github.com/EstebanFallaGlobant/globant-golang-bootcamp/api/pocgrpc/user_service/user/userServiceErrorHandler.go:29.34,30.63 1 1
github.com/EstebanFallaGlobant/globant-golang-bootcamp/api/pocgrpc/user_service/user/userServiceErrorHandler.go:31.10,32.56 1 1
github.com/EstebanFallaGlobant/globant-golang-bootcamp/api/pocgrpc/user_service/user/endpoint.go:24.100,29.2 1 1
github.com/EstebanFallaGlobant/globant-golang-bootcamp/api/pocgrpc/user_service/user/endpoint.go:31.85,32.77 1 1
github.com/EstebanFallaGlobant/globant-golang-bootcamp/api/pocgrpc/user_service/user/endpoint.go:32.77,35.10 2 1
github.com/EstebanFallaGlobant/globant-golang-bootcamp/api/pocgrpc/user_service/user/endpoint.go:41.3,41.45 1 1
github.com/EstebanFallaGlobant/globant-golang-bootcamp/api/pocgrpc/user_service/user/endpoint.go:46.3,48.17 2 1
github.com/EstebanFallaGlobant/globant-golang-bootcamp/api/pocgrpc/user_service/user/endpoint.go:53.3,55.9 1 1
github.com/EstebanFallaGlobant/globant-golang-bootcamp/api/pocgrpc/user_service/user/endpoint.go:35.10,39.4 3 1
github.com/EstebanFallaGlobant/globant-golang-bootcamp/api/pocgrpc/user_service/user/endpoint.go:41.45,44.4 2 0
github.com/EstebanFallaGlobant/globant-golang-bootcamp/api/pocgrpc/user_service/user/endpoint.go:48.17,51.4 2 1
github.com/EstebanFallaGlobant/globant-golang-bootcamp/api/pocgrpc/user_service/user/endpoint.go:59.82,60.77 1 1
github.com/EstebanFallaGlobant/globant-golang-bootcamp/api/pocgrpc/user_service/user/endpoint.go:60.77,61.47 1 1
github.com/EstebanFallaGlobant/globant-golang-bootcamp/api/pocgrpc/user_service/user/endpoint.go:61.47,65.4 3 1
github.com/EstebanFallaGlobant/globant-golang-bootcamp/api/pocgrpc/user_service/user/endpoint.go:65.9,71.4 2 1
github.com/EstebanFallaGlobant/globant-golang-bootcamp/api/pocgrpc/user_service/user/endpoint.go:75.100,76.41 1 1
github.com/EstebanFallaGlobant/globant-golang-bootcamp/api/pocgrpc/user_service/user/endpoint.go:79.2,79.17 1 1
github.com/EstebanFallaGlobant/globant-golang-bootcamp/api/pocgrpc/user_service/user/endpoint.go:76.41,78.3 1 0
github.com/EstebanFallaGlobant/globant-golang-bootcamp/api/pocgrpc/user_service/user/service.go:22.70,27.2 1 1
github.com/EstebanFallaGlobant/globant-golang-bootcamp/api/pocgrpc/user_service/user/service.go:32.96,34.80 1 1
github.com/EstebanFallaGlobant/globant-golang-bootcamp/api/pocgrpc/user_service/user/service.go:38.2,38.40 1 1
github.com/EstebanFallaGlobant/globant-golang-bootcamp/api/pocgrpc/user_service/user/service.go:34.80,36.3 1 1
github.com/EstebanFallaGlobant/globant-golang-bootcamp/api/pocgrpc/user_service/user/service.go:41.91,42.12 1 1
github.com/EstebanFallaGlobant/globant-golang-bootcamp/api/pocgrpc/user_service/user/service.go:46.2,46.35 1 1
github.com/EstebanFallaGlobant/globant-golang-bootcamp/api/pocgrpc/user_service/user/service.go:42.12,44.3 1 1
